Determining if the pthread_create exist failed with the following output:
Change Dir: /home/joey/projects/skynet/build/ydlidar/CMakeFiles/CMakeTmp

Run Build Command:"/usr/bin/make" "cmTC_67333/fast"
/usr/bin/make -f CMakeFiles/cmTC_67333.dir/build.make CMakeFiles/cmTC_67333.dir/build
make[1]: Entering directory '/home/joey/projects/skynet/build/ydlidar/CMakeFiles/CMakeTmp'
Building C object CMakeFiles/cmTC_67333.dir/CheckSymbolExists.c.o
/usr/bin/cc     -o CMakeFiles/cmTC_67333.dir/CheckSymbolExists.c.o   -c /home/joey/projects/skynet/build/ydlidar/CMakeFiles/CMakeTmp/CheckSymbolExists.c
Linking C executable cmTC_67333
/usr/bin/cmake -E cmake_link_script CMakeFiles/cmTC_67333.dir/link.txt --verbose=1
/usr/bin/cc       CMakeFiles/cmTC_67333.dir/CheckSymbolExists.c.o  -o cmTC_67333 -rdynamic 
CMakeFiles/cmTC_67333.dir/CheckSymbolExists.c.o: In function `main':
CheckSymbolExists.c:(.text+0x16): undefined reference to `pthread_create'
collect2: error: ld returned 1 exit status
CMakeFiles/cmTC_67333.dir/build.make:97: recipe for target 'cmTC_67333' failed
make[1]: *** [cmTC_67333] Error 1
make[1]: Leaving directory '/home/joey/projects/skynet/build/ydlidar/CMakeFiles/CMakeTmp'
Makefile:126: recipe for target 'cmTC_67333/fast' failed
make: *** [cmTC_67333/fast] Error 2

File /home/joey/projects/skynet/build/ydlidar/CMakeFiles/CMakeTmp/CheckSymbolExists.c:
/* */
#include <pthread.h>

int main(int argc, char** argv)
{
  (void)argv;
#ifndef pthread_create
  return ((int*)(&pthread_create))[argc];
#else
  (void)argc;
  return 0;
#endif
}

Determining if the function pthread_create exists in the pthreads failed with the following output:
Change Dir: /home/joey/projects/skynet/build/ydlidar/CMakeFiles/CMakeTmp

Run Build Command:"/usr/bin/make" "cmTC_11c09/fast"
/usr/bin/make -f CMakeFiles/cmTC_11c09.dir/build.make CMakeFiles/cmTC_11c09.dir/build
make[1]: Entering directory '/home/joey/projects/skynet/build/ydlidar/CMakeFiles/CMakeTmp'
Building C object CMakeFiles/cmTC_11c09.dir/CheckFunctionExists.c.o
/usr/bin/cc    -DCHECK_FUNCTION_EXISTS=pthread_create   -o CMakeFiles/cmTC_11c09.dir/CheckFunctionExists.c.o   -c /usr/share/cmake-3.5/Modules/CheckFunctionExists.c
Linking C executable cmTC_11c09
/usr/bin/cmake -E cmake_link_script CMakeFiles/cmTC_11c09.dir/link.txt --verbose=1
/usr/bin/cc   -DCHECK_FUNCTION_EXISTS=pthread_create    CMakeFiles/cmTC_11c09.dir/CheckFunctionExists.c.o  -o cmTC_11c09 -rdynamic -lpthreads 
/usr/bin/ld: cannot find -lpthreads
collect2: error: ld returned 1 exit status
CMakeFiles/cmTC_11c09.dir/build.make:97: recipe for target 'cmTC_11c09' failed
make[1]: *** [cmTC_11c09] Error 1
make[1]: Leaving directory '/home/joey/projects/skynet/build/ydlidar/CMakeFiles/CMakeTmp'
Makefile:126: recipe for target 'cmTC_11c09/fast' failed
make: *** [cmTC_11c09/fast] Error 2


