In file included from [01m[K/home/joey/projects/skynet/src/ydlidar/sdk/src/Console.cpp:1:0[m[K:
[01m[K/home/joey/projects/skynet/src/ydlidar/sdk/include/Console.h:[m[K In member function ‘[01m[Kvoid ydlidar::Console::show(const char*, ...)[m[K’:
[01m[K/home/joey/projects/skynet/src/ydlidar/sdk/include/Console.h:40:20:[m[K [01;35m[Kwarning: [m[Kformat not a string literal and no format arguments [-Wformat-security]
         printf (out);
[01;32m[K                    ^[m[K
[01m[K/home/joey/projects/skynet/src/ydlidar/sdk/include/Console.h:[m[K In member function ‘[01m[Kvoid ydlidar::Console::message(const char*, ...)[m[K’:
[01m[K/home/joey/projects/skynet/src/ydlidar/sdk/include/Console.h:53:18:[m[K [01;35m[Kwarning: [m[Kformat not a string literal and no format arguments [-Wformat-security]
       printf (out);
[01;32m[K                  ^[m[K
[01m[K/home/joey/projects/skynet/src/ydlidar/sdk/include/Console.h:[m[K In member function ‘[01m[Kvoid ydlidar::Console::warning(const char*, ...)[m[K’:
[01m[K/home/joey/projects/skynet/src/ydlidar/sdk/include/Console.h:69:18:[m[K [01;35m[Kwarning: [m[Kformat not a string literal and no format arguments [-Wformat-security]
       printf (out);
[01;32m[K                  ^[m[K
[01m[K/home/joey/projects/skynet/src/ydlidar/sdk/include/Console.h:[m[K In member function ‘[01m[Kvoid ydlidar::Console::error(const char*, ...)[m[K’:
[01m[K/home/joey/projects/skynet/src/ydlidar/sdk/include/Console.h:85:18:[m[K [01;35m[Kwarning: [m[Kformat not a string literal and no format arguments [-Wformat-security]
       printf (out);
[01;32m[K                  ^[m[K
[01m[K/home/joey/projects/skynet/src/ydlidar/sdk/include/Console.h:[m[K In member function ‘[01m[Kvoid ydlidar::Console::debug(const char*, ...)[m[K’:
[01m[K/home/joey/projects/skynet/src/ydlidar/sdk/include/Console.h:104:20:[m[K [01;35m[Kwarning: [m[Kformat not a string literal and no format arguments [-Wformat-security]
         printf (out);
[01;32m[K                    ^[m[K
In file included from [01m[K/home/joey/projects/skynet/src/ydlidar/sdk/include/ydlidar_driver.h:10:0[m[K,
                 from [01m[K/home/joey/projects/skynet/src/ydlidar/sdk/include/CYdLidar.h:4[m[K,
                 from [01m[K/home/joey/projects/skynet/src/ydlidar/sdk/src/CYdLidar.cpp:1[m[K:
[01m[K/home/joey/projects/skynet/src/ydlidar/sdk/include/Console.h:[m[K In member function ‘[01m[Kvoid ydlidar::Console::show(const char*, ...)[m[K’:
[01m[K/home/joey/projects/skynet/src/ydlidar/sdk/include/Console.h:40:20:[m[K [01;35m[Kwarning: [m[Kformat not a string literal and no format arguments [-Wformat-security]
         printf (out);
[01;32m[K                    ^[m[K
[01m[K/home/joey/projects/skynet/src/ydlidar/sdk/include/Console.h:[m[K In member function ‘[01m[Kvoid ydlidar::Console::message(const char*, ...)[m[K’:
[01m[K/home/joey/projects/skynet/src/ydlidar/sdk/include/Console.h:53:18:[m[K [01;35m[Kwarning: [m[Kformat not a string literal and no format arguments [-Wformat-security]
       printf (out);
[01;32m[K                  ^[m[K
[01m[K/home/joey/projects/skynet/src/ydlidar/sdk/include/Console.h:[m[K In member function ‘[01m[Kvoid ydlidar::Console::warning(const char*, ...)[m[K’:
[01m[K/home/joey/projects/skynet/src/ydlidar/sdk/include/Console.h:69:18:[m[K [01;35m[Kwarning: [m[Kformat not a string literal and no format arguments [-Wformat-security]
       printf (out);
[01;32m[K                  ^[m[K
[01m[K/home/joey/projects/skynet/src/ydlidar/sdk/include/Console.h:[m[K In member function ‘[01m[Kvoid ydlidar::Console::error(const char*, ...)[m[K’:
[01m[K/home/joey/projects/skynet/src/ydlidar/sdk/include/Console.h:85:18:[m[K [01;35m[Kwarning: [m[Kformat not a string literal and no format arguments [-Wformat-security]
       printf (out);
[01;32m[K                  ^[m[K
[01m[K/home/joey/projects/skynet/src/ydlidar/sdk/include/Console.h:[m[K In member function ‘[01m[Kvoid ydlidar::Console::debug(const char*, ...)[m[K’:
[01m[K/home/joey/projects/skynet/src/ydlidar/sdk/include/Console.h:104:20:[m[K [01;35m[Kwarning: [m[Kformat not a string literal and no format arguments [-Wformat-security]
         printf (out);
[01;32m[K                    ^[m[K
In file included from [01m[K/home/joey/projects/skynet/src/ydlidar/sdk/src/common.h:17:0[m[K,
                 from [01m[K/home/joey/projects/skynet/src/ydlidar/sdk/src/serial.cpp:12[m[K:
[01m[K/home/joey/projects/skynet/src/ydlidar/sdk/include/Console.h:[m[K In member function ‘[01m[Kvoid ydlidar::Console::show(const char*, ...)[m[K’:
[01m[K/home/joey/projects/skynet/src/ydlidar/sdk/include/Console.h:40:20:[m[K [01;35m[Kwarning: [m[Kformat not a string literal and no format arguments [-Wformat-security]
         printf (out);
[01;32m[K                    ^[m[K
[01m[K/home/joey/projects/skynet/src/ydlidar/sdk/include/Console.h:[m[K In member function ‘[01m[Kvoid ydlidar::Console::message(const char*, ...)[m[K’:
[01m[K/home/joey/projects/skynet/src/ydlidar/sdk/include/Console.h:53:18:[m[K [01;35m[Kwarning: [m[Kformat not a string literal and no format arguments [-Wformat-security]
       printf (out);
[01;32m[K                  ^[m[K
[01m[K/home/joey/projects/skynet/src/ydlidar/sdk/include/Console.h:[m[K In member function ‘[01m[Kvoid ydlidar::Console::warning(const char*, ...)[m[K’:
[01m[K/home/joey/projects/skynet/src/ydlidar/sdk/include/Console.h:69:18:[m[K [01;35m[Kwarning: [m[Kformat not a string literal and no format arguments [-Wformat-security]
       printf (out);
[01;32m[K                  ^[m[K
[01m[K/home/joey/projects/skynet/src/ydlidar/sdk/include/Console.h:[m[K In member function ‘[01m[Kvoid ydlidar::Console::error(const char*, ...)[m[K’:
[01m[K/home/joey/projects/skynet/src/ydlidar/sdk/include/Console.h:85:18:[m[K [01;35m[Kwarning: [m[Kformat not a string literal and no format arguments [-Wformat-security]
       printf (out);
[01;32m[K                  ^[m[K
[01m[K/home/joey/projects/skynet/src/ydlidar/sdk/include/Console.h:[m[K In member function ‘[01m[Kvoid ydlidar::Console::debug(const char*, ...)[m[K’:
[01m[K/home/joey/projects/skynet/src/ydlidar/sdk/include/Console.h:104:20:[m[K [01;35m[Kwarning: [m[Kformat not a string literal and no format arguments [-Wformat-security]
         printf (out);
[01;32m[K                    ^[m[K
In file included from [01m[K/home/joey/projects/skynet/src/ydlidar/sdk/src/common.h:17:0[m[K,
                 from [01m[K/home/joey/projects/skynet/src/ydlidar/sdk/src/ydlidar_driver.cpp:9[m[K:
[01m[K/home/joey/projects/skynet/src/ydlidar/sdk/include/Console.h:[m[K In member function ‘[01m[Kvoid ydlidar::Console::show(const char*, ...)[m[K’:
[01m[K/home/joey/projects/skynet/src/ydlidar/sdk/include/Console.h:40:20:[m[K [01;35m[Kwarning: [m[Kformat not a string literal and no format arguments [-Wformat-security]
         printf (out);
[01;32m[K                    ^[m[K
[01m[K/home/joey/projects/skynet/src/ydlidar/sdk/include/Console.h:[m[K In member function ‘[01m[Kvoid ydlidar::Console::message(const char*, ...)[m[K’:
[01m[K/home/joey/projects/skynet/src/ydlidar/sdk/include/Console.h:53:18:[m[K [01;35m[Kwarning: [m[Kformat not a string literal and no format arguments [-Wformat-security]
       printf (out);
[01;32m[K                  ^[m[K
[01m[K/home/joey/projects/skynet/src/ydlidar/sdk/include/Console.h:[m[K In member function ‘[01m[Kvoid ydlidar::Console::warning(const char*, ...)[m[K’:
[01m[K/home/joey/projects/skynet/src/ydlidar/sdk/include/Console.h:69:18:[m[K [01;35m[Kwarning: [m[Kformat not a string literal and no format arguments [-Wformat-security]
       printf (out);
[01;32m[K                  ^[m[K
[01m[K/home/joey/projects/skynet/src/ydlidar/sdk/include/Console.h:[m[K In member function ‘[01m[Kvoid ydlidar::Console::error(const char*, ...)[m[K’:
[01m[K/home/joey/projects/skynet/src/ydlidar/sdk/include/Console.h:85:18:[m[K [01;35m[Kwarning: [m[Kformat not a string literal and no format arguments [-Wformat-security]
       printf (out);
[01;32m[K                  ^[m[K
[01m[K/home/joey/projects/skynet/src/ydlidar/sdk/include/Console.h:[m[K In member function ‘[01m[Kvoid ydlidar::Console::debug(const char*, ...)[m[K’:
[01m[K/home/joey/projects/skynet/src/ydlidar/sdk/include/Console.h:104:20:[m[K [01;35m[Kwarning: [m[Kformat not a string literal and no format arguments [-Wformat-security]
         printf (out);
[01;32m[K                    ^[m[K
In file included from [01m[K/home/joey/projects/skynet/src/ydlidar/sdk/include/ydlidar_driver.h:10:0[m[K,
                 from [01m[K/home/joey/projects/skynet/src/ydlidar/sdk/include/CYdLidar.h:4[m[K,
                 from [01m[K/home/joey/projects/skynet/src/ydlidar/src/ydlidar_node.cpp:12[m[K:
[01m[K/home/joey/projects/skynet/src/ydlidar/sdk/include/Console.h:[m[K In member function ‘[01m[Kvoid ydlidar::Console::show(const char*, ...)[m[K’:
[01m[K/home/joey/projects/skynet/src/ydlidar/sdk/include/Console.h:40:20:[m[K [01;35m[Kwarning: [m[Kformat not a string literal and no format arguments [-Wformat-security]
         printf (out);
[01;32m[K                    ^[m[K
[01m[K/home/joey/projects/skynet/src/ydlidar/sdk/include/Console.h:[m[K In member function ‘[01m[Kvoid ydlidar::Console::message(const char*, ...)[m[K’:
[01m[K/home/joey/projects/skynet/src/ydlidar/sdk/include/Console.h:53:18:[m[K [01;35m[Kwarning: [m[Kformat not a string literal and no format arguments [-Wformat-security]
       printf (out);
[01;32m[K                  ^[m[K
[01m[K/home/joey/projects/skynet/src/ydlidar/sdk/include/Console.h:[m[K In member function ‘[01m[Kvoid ydlidar::Console::warning(const char*, ...)[m[K’:
[01m[K/home/joey/projects/skynet/src/ydlidar/sdk/include/Console.h:69:18:[m[K [01;35m[Kwarning: [m[Kformat not a string literal and no format arguments [-Wformat-security]
       printf (out);
[01;32m[K                  ^[m[K
[01m[K/home/joey/projects/skynet/src/ydlidar/sdk/include/Console.h:[m[K In member function ‘[01m[Kvoid ydlidar::Console::error(const char*, ...)[m[K’:
[01m[K/home/joey/projects/skynet/src/ydlidar/sdk/include/Console.h:85:18:[m[K [01;35m[Kwarning: [m[Kformat not a string literal and no format arguments [-Wformat-security]
       printf (out);
[01;32m[K                  ^[m[K
[01m[K/home/joey/projects/skynet/src/ydlidar/sdk/include/Console.h:[m[K In member function ‘[01m[Kvoid ydlidar::Console::debug(const char*, ...)[m[K’:
[01m[K/home/joey/projects/skynet/src/ydlidar/sdk/include/Console.h:104:20:[m[K [01;35m[Kwarning: [m[Kformat not a string literal and no format arguments [-Wformat-security]
         printf (out);
[01;32m[K                    ^[m[K
