[35m[1mScanning dependencies of target ydlidar_client[0m
[35m[1mScanning dependencies of target ydlidar_node[0m
[  8%] [32mBuilding CXX object CMakeFiles/ydlidar_client.dir/src/ydlidar_client.cpp.o[0m
[ 33%] [32mBuilding CXX object CMakeFiles/ydlidar_node.dir/sdk/src/impl/unix/list_ports_linux.cpp.o[0m
[ 33%] [32mBuilding CXX object CMakeFiles/ydlidar_node.dir/sdk/src/impl/unix/unix_timer.cpp.o[0m
[ 33%] [32mBuilding CXX object CMakeFiles/ydlidar_node.dir/src/ydlidar_node.cpp.o[0m
[ 41%] [32mBuilding CXX object CMakeFiles/ydlidar_node.dir/sdk/src/impl/unix/unix_serial.cpp.o[0m
[ 50%] [32mBuilding CXX object CMakeFiles/ydlidar_node.dir/sdk/src/Console.cpp.o[0m
[ 58%] [32mBuilding CXX object CMakeFiles/ydlidar_node.dir/sdk/src/CYdLidar.cpp.o[0m
In file included from [01m[K/home/joey/projects/skynet/src/ydlidar/sdk/src/Console.cpp:1:0[m[K:
[01m[K/home/joey/projects/skynet/src/ydlidar/sdk/include/Console.h:[m[K In member function ‘[01m[Kvoid ydlidar::Console::show(const char*, ...)[m[K’:
[01m[K/home/joey/projects/skynet/src/ydlidar/sdk/include/Console.h:40:20:[m[K [01;35m[Kwarning: [m[Kformat not a string literal and no format arguments [-Wformat-security]
         printf (out);
[01;32m[K                    ^[m[K
[01m[K/home/joey/projects/skynet/src/ydlidar/sdk/include/Console.h:[m[K In member function ‘[01m[Kvoid ydlidar::Console::message(const char*, ...)[m[K’:
[01m[K/home/joey/projects/skynet/src/ydlidar/sdk/include/Console.h:53:18:[m[K [01;35m[Kwarning: [m[Kformat not a string literal and no format arguments [-Wformat-security]
       printf (out);
[01;32m[K                  ^[m[K
[01m[K/home/joey/projects/skynet/src/ydlidar/sdk/include/Console.h:[m[K In member function ‘[01m[Kvoid ydlidar::Console::warning(const char*, ...)[m[K’:
[01m[K/home/joey/projects/skynet/src/ydlidar/sdk/include/Console.h:69:18:[m[K [01;35m[Kwarning: [m[Kformat not a string literal and no format arguments [-Wformat-security]
       printf (out);
[01;32m[K                  ^[m[K
[01m[K/home/joey/projects/skynet/src/ydlidar/sdk/include/Console.h:[m[K In member function ‘[01m[Kvoid ydlidar::Console::error(const char*, ...)[m[K’:
[01m[K/home/joey/projects/skynet/src/ydlidar/sdk/include/Console.h:85:18:[m[K [01;35m[Kwarning: [m[Kformat not a string literal and no format arguments [-Wformat-security]
       printf (out);
[01;32m[K                  ^[m[K
[01m[K/home/joey/projects/skynet/src/ydlidar/sdk/include/Console.h:[m[K In member function ‘[01m[Kvoid ydlidar::Console::debug(const char*, ...)[m[K’:
[01m[K/home/joey/projects/skynet/src/ydlidar/sdk/include/Console.h:104:20:[m[K [01;35m[Kwarning: [m[Kformat not a string literal and no format arguments [-Wformat-security]
         printf (out);
[01;32m[K                    ^[m[K
[ 66%] [32mBuilding CXX object CMakeFiles/ydlidar_node.dir/sdk/src/serial.cpp.o[0m
In file included from [01m[K/home/joey/projects/skynet/src/ydlidar/sdk/include/ydlidar_driver.h:10:0[m[K,
                 from [01m[K/home/joey/projects/skynet/src/ydlidar/sdk/include/CYdLidar.h:4[m[K,
                 from [01m[K/home/joey/projects/skynet/src/ydlidar/sdk/src/CYdLidar.cpp:1[m[K:
[01m[K/home/joey/projects/skynet/src/ydlidar/sdk/include/Console.h:[m[K In member function ‘[01m[Kvoid ydlidar::Console::show(const char*, ...)[m[K’:
[01m[K/home/joey/projects/skynet/src/ydlidar/sdk/include/Console.h:40:20:[m[K [01;35m[Kwarning: [m[Kformat not a string literal and no format arguments [-Wformat-security]
         printf (out);
[01;32m[K                    ^[m[K
[01m[K/home/joey/projects/skynet/src/ydlidar/sdk/include/Console.h:[m[K In member function ‘[01m[Kvoid ydlidar::Console::message(const char*, ...)[m[K’:
[01m[K/home/joey/projects/skynet/src/ydlidar/sdk/include/Console.h:53:18:[m[K [01;35m[Kwarning: [m[Kformat not a string literal and no format arguments [-Wformat-security]
       printf (out);
[01;32m[K                  ^[m[K
[01m[K/home/joey/projects/skynet/src/ydlidar/sdk/include/Console.h:[m[K In member function ‘[01m[Kvoid ydlidar::Console::warning(const char*, ...)[m[K’:
[01m[K/home/joey/projects/skynet/src/ydlidar/sdk/include/Console.h:69:18:[m[K [01;35m[Kwarning: [m[Kformat not a string literal and no format arguments [-Wformat-security]
       printf (out);
[01;32m[K                  ^[m[K
[01m[K/home/joey/projects/skynet/src/ydlidar/sdk/include/Console.h:[m[K In member function ‘[01m[Kvoid ydlidar::Console::error(const char*, ...)[m[K’:
[01m[K/home/joey/projects/skynet/src/ydlidar/sdk/include/Console.h:85:18:[m[K [01;35m[Kwarning: [m[Kformat not a string literal and no format arguments [-Wformat-security]
       printf (out);
[01;32m[K                  ^[m[K
[01m[K/home/joey/projects/skynet/src/ydlidar/sdk/include/Console.h:[m[K In member function ‘[01m[Kvoid ydlidar::Console::debug(const char*, ...)[m[K’:
[01m[K/home/joey/projects/skynet/src/ydlidar/sdk/include/Console.h:104:20:[m[K [01;35m[Kwarning: [m[Kformat not a string literal and no format arguments [-Wformat-security]
         printf (out);
[01;32m[K                    ^[m[K
[ 75%] [32mBuilding CXX object CMakeFiles/ydlidar_node.dir/sdk/src/ydlidar_driver.cpp.o[0m
In file included from [01m[K/home/joey/projects/skynet/src/ydlidar/sdk/src/common.h:17:0[m[K,
                 from [01m[K/home/joey/projects/skynet/src/ydlidar/sdk/src/serial.cpp:12[m[K:
[01m[K/home/joey/projects/skynet/src/ydlidar/sdk/include/Console.h:[m[K In member function ‘[01m[Kvoid ydlidar::Console::show(const char*, ...)[m[K’:
[01m[K/home/joey/projects/skynet/src/ydlidar/sdk/include/Console.h:40:20:[m[K [01;35m[Kwarning: [m[Kformat not a string literal and no format arguments [-Wformat-security]
         printf (out);
[01;32m[K                    ^[m[K
[01m[K/home/joey/projects/skynet/src/ydlidar/sdk/include/Console.h:[m[K In member function ‘[01m[Kvoid ydlidar::Console::message(const char*, ...)[m[K’:
[01m[K/home/joey/projects/skynet/src/ydlidar/sdk/include/Console.h:53:18:[m[K [01;35m[Kwarning: [m[Kformat not a string literal and no format arguments [-Wformat-security]
       printf (out);
[01;32m[K                  ^[m[K
[01m[K/home/joey/projects/skynet/src/ydlidar/sdk/include/Console.h:[m[K In member function ‘[01m[Kvoid ydlidar::Console::warning(const char*, ...)[m[K’:
[01m[K/home/joey/projects/skynet/src/ydlidar/sdk/include/Console.h:69:18:[m[K [01;35m[Kwarning: [m[Kformat not a string literal and no format arguments [-Wformat-security]
       printf (out);
[01;32m[K                  ^[m[K
[01m[K/home/joey/projects/skynet/src/ydlidar/sdk/include/Console.h:[m[K In member function ‘[01m[Kvoid ydlidar::Console::error(const char*, ...)[m[K’:
[01m[K/home/joey/projects/skynet/src/ydlidar/sdk/include/Console.h:85:18:[m[K [01;35m[Kwarning: [m[Kformat not a string literal and no format arguments [-Wformat-security]
       printf (out);
[01;32m[K                  ^[m[K
[01m[K/home/joey/projects/skynet/src/ydlidar/sdk/include/Console.h:[m[K In member function ‘[01m[Kvoid ydlidar::Console::debug(const char*, ...)[m[K’:
[01m[K/home/joey/projects/skynet/src/ydlidar/sdk/include/Console.h:104:20:[m[K [01;35m[Kwarning: [m[Kformat not a string literal and no format arguments [-Wformat-security]
         printf (out);
[01;32m[K                    ^[m[K
In file included from [01m[K/home/joey/projects/skynet/src/ydlidar/sdk/src/common.h:17:0[m[K,
                 from [01m[K/home/joey/projects/skynet/src/ydlidar/sdk/src/ydlidar_driver.cpp:9[m[K:
[01m[K/home/joey/projects/skynet/src/ydlidar/sdk/include/Console.h:[m[K In member function ‘[01m[Kvoid ydlidar::Console::show(const char*, ...)[m[K’:
[01m[K/home/joey/projects/skynet/src/ydlidar/sdk/include/Console.h:40:20:[m[K [01;35m[Kwarning: [m[Kformat not a string literal and no format arguments [-Wformat-security]
         printf (out);
[01;32m[K                    ^[m[K
[01m[K/home/joey/projects/skynet/src/ydlidar/sdk/include/Console.h:[m[K In member function ‘[01m[Kvoid ydlidar::Console::message(const char*, ...)[m[K’:
[01m[K/home/joey/projects/skynet/src/ydlidar/sdk/include/Console.h:53:18:[m[K [01;35m[Kwarning: [m[Kformat not a string literal and no format arguments [-Wformat-security]
       printf (out);
[01;32m[K                  ^[m[K
[01m[K/home/joey/projects/skynet/src/ydlidar/sdk/include/Console.h:[m[K In member function ‘[01m[Kvoid ydlidar::Console::warning(const char*, ...)[m[K’:
[01m[K/home/joey/projects/skynet/src/ydlidar/sdk/include/Console.h:69:18:[m[K [01;35m[Kwarning: [m[Kformat not a string literal and no format arguments [-Wformat-security]
       printf (out);
[01;32m[K                  ^[m[K
[01m[K/home/joey/projects/skynet/src/ydlidar/sdk/include/Console.h:[m[K In member function ‘[01m[Kvoid ydlidar::Console::error(const char*, ...)[m[K’:
[01m[K/home/joey/projects/skynet/src/ydlidar/sdk/include/Console.h:85:18:[m[K [01;35m[Kwarning: [m[Kformat not a string literal and no format arguments [-Wformat-security]
       printf (out);
[01;32m[K                  ^[m[K
[01m[K/home/joey/projects/skynet/src/ydlidar/sdk/include/Console.h:[m[K In member function ‘[01m[Kvoid ydlidar::Console::debug(const char*, ...)[m[K’:
[01m[K/home/joey/projects/skynet/src/ydlidar/sdk/include/Console.h:104:20:[m[K [01;35m[Kwarning: [m[Kformat not a string literal and no format arguments [-Wformat-security]
         printf (out);
[01;32m[K                    ^[m[K
[ 83%] [32mBuilding C object CMakeFiles/ydlidar_node.dir/sdk/src/lock.c.o[0m
In file included from [01m[K/home/joey/projects/skynet/src/ydlidar/sdk/include/ydlidar_driver.h:10:0[m[K,
                 from [01m[K/home/joey/projects/skynet/src/ydlidar/sdk/include/CYdLidar.h:4[m[K,
                 from [01m[K/home/joey/projects/skynet/src/ydlidar/src/ydlidar_node.cpp:12[m[K:
[01m[K/home/joey/projects/skynet/src/ydlidar/sdk/include/Console.h:[m[K In member function ‘[01m[Kvoid ydlidar::Console::show(const char*, ...)[m[K’:
[01m[K/home/joey/projects/skynet/src/ydlidar/sdk/include/Console.h:40:20:[m[K [01;35m[Kwarning: [m[Kformat not a string literal and no format arguments [-Wformat-security]
         printf (out);
[01;32m[K                    ^[m[K
[01m[K/home/joey/projects/skynet/src/ydlidar/sdk/include/Console.h:[m[K In member function ‘[01m[Kvoid ydlidar::Console::message(const char*, ...)[m[K’:
[01m[K/home/joey/projects/skynet/src/ydlidar/sdk/include/Console.h:53:18:[m[K [01;35m[Kwarning: [m[Kformat not a string literal and no format arguments [-Wformat-security]
       printf (out);
[01;32m[K                  ^[m[K
[01m[K/home/joey/projects/skynet/src/ydlidar/sdk/include/Console.h:[m[K In member function ‘[01m[Kvoid ydlidar::Console::warning(const char*, ...)[m[K’:
[01m[K/home/joey/projects/skynet/src/ydlidar/sdk/include/Console.h:69:18:[m[K [01;35m[Kwarning: [m[Kformat not a string literal and no format arguments [-Wformat-security]
       printf (out);
[01;32m[K                  ^[m[K
[01m[K/home/joey/projects/skynet/src/ydlidar/sdk/include/Console.h:[m[K In member function ‘[01m[Kvoid ydlidar::Console::error(const char*, ...)[m[K’:
[01m[K/home/joey/projects/skynet/src/ydlidar/sdk/include/Console.h:85:18:[m[K [01;35m[Kwarning: [m[Kformat not a string literal and no format arguments [-Wformat-security]
       printf (out);
[01;32m[K                  ^[m[K
[01m[K/home/joey/projects/skynet/src/ydlidar/sdk/include/Console.h:[m[K In member function ‘[01m[Kvoid ydlidar::Console::debug(const char*, ...)[m[K’:
[01m[K/home/joey/projects/skynet/src/ydlidar/sdk/include/Console.h:104:20:[m[K [01;35m[Kwarning: [m[Kformat not a string literal and no format arguments [-Wformat-security]
         printf (out);
[01;32m[K                    ^[m[K
[ 91%] [32m[1mLinking CXX executable /home/joey/projects/skynet/devel/.private/ydlidar/lib/ydlidar/ydlidar_client[0m
[100%] [32m[1mLinking CXX executable /home/joey/projects/skynet/devel/.private/ydlidar/lib/ydlidar/ydlidar_node[0m
[100%] Built target ydlidar_client
[100%] Built target ydlidar_node
