[35m[1mScanning dependencies of target navigator_node[0m
[ 50%] [32mBuilding CXX object CMakeFiles/navigator_node.dir/src/navigator_node.cpp.o[0m
In file included from [01m[K/opt/ros/kinetic/include/ros/ros.h:40:0[m[K,
                 from [01m[K/home/joey/projects/skynet/src/navigator/src/navigator_node.cpp:1[m[K:
[01m[K/home/joey/projects/skynet/src/navigator/src/navigator_node.cpp:[m[K In member function ‘[01m[Kvoid skynet::Navigator::odomCallback(const ConstPtr&)[m[K’:
[01m[K/home/joey/projects/skynet/src/navigator/src/navigator_node.cpp:90:84:[m[K [01;31m[Kerror: [m[Kbase operand of ‘[01m[K->[m[K’ has non-pointer type ‘[01m[Kconst _pose_type {aka const geometry_msgs::PoseWithCovariance_<std::allocator<void> >}[m[K’
   ROS_INFO("Quaternion orientation: x=[%f], y=[%f], z=[%f], w=[%f]", odom_msg->pose->pose->orientation.x, odom_msg->pose->pose->orientation.y, odom_msg->pose->pose->orientation.z, odom_msg->pose->pose->orientation.w);
[01;32m[K                                                                                    ^[m[K
[01m[K/opt/ros/kinetic/include/ros/console.h:346:165:[m[K [01;36m[Knote: [m[Kin definition of macro ‘[01m[KROSCONSOLE_PRINT_AT_LOCATION_WITH_FILTER[m[K’
     ::ros::console::print(filter, __rosconsole_define_location__loc.logger_, __rosconsole_define_location__loc.level_, __FILE__, __LINE__, __ROSCONSOLE_FUNCTION__, __VA_ARGS__)
[01;32m[K                                                                                                                                                                     ^[m[K
[01m[K/opt/ros/kinetic/include/ros/console.h:379:7:[m[K [01;36m[Knote: [m[Kin expansion of macro ‘[01m[KROSCONSOLE_PRINT_AT_LOCATION[m[K’
       ROSCONSOLE_PRINT_AT_LOCATION(__VA_ARGS__); \
[01;32m[K       ^[m[K
[01m[K/opt/ros/kinetic/include/ros/console.h:561:35:[m[K [01;36m[Knote: [m[Kin expansion of macro ‘[01m[KROS_LOG_COND[m[K’
 #define ROS_LOG(level, name, ...) ROS_LOG_COND(true, level, name, __VA_ARGS__)
[01;32m[K                                   ^[m[K
[01m[K/opt/ros/kinetic/include/rosconsole/macros_generated.h:110:23:[m[K [01;36m[Knote: [m[Kin expansion of macro ‘[01m[KROS_LOG[m[K’
 #define ROS_INFO(...) ROS_LOG(::ros::console::levels::Info, ROSCONSOLE_DEFAULT_NAME, __VA_ARGS__)
[01;32m[K                       ^[m[K
[01m[K/home/joey/projects/skynet/src/navigator/src/navigator_node.cpp:90:3:[m[K [01;36m[Knote: [m[Kin expansion of macro ‘[01m[KROS_INFO[m[K’
   ROS_INFO("Quaternion orientation: x=[%f], y=[%f], z=[%f], w=[%f]", odom_msg->pose->pose->orientation.x, odom_msg->pose->pose->orientation.y, odom_msg->pose->pose->orientation.z, odom_msg->pose->pose->orientation.w);
[01;32m[K   ^[m[K
[01m[K/home/joey/projects/skynet/src/navigator/src/navigator_node.cpp:90:121:[m[K [01;31m[Kerror: [m[Kbase operand of ‘[01m[K->[m[K’ has non-pointer type ‘[01m[Kconst _pose_type {aka const geometry_msgs::PoseWithCovariance_<std::allocator<void> >}[m[K’
   ROS_INFO("Quaternion orientation: x=[%f], y=[%f], z=[%f], w=[%f]", odom_msg->pose->pose->orientation.x, odom_msg->pose->pose->orientation.y, odom_msg->pose->pose->orientation.z, odom_msg->pose->pose->orientation.w);
[01;32m[K                                                                                                                         ^[m[K
[01m[K/opt/ros/kinetic/include/ros/console.h:346:165:[m[K [01;36m[Knote: [m[Kin definition of macro ‘[01m[KROSCONSOLE_PRINT_AT_LOCATION_WITH_FILTER[m[K’
     ::ros::console::print(filter, __rosconsole_define_location__loc.logger_, __rosconsole_define_location__loc.level_, __FILE__, __LINE__, __ROSCONSOLE_FUNCTION__, __VA_ARGS__)
[01;32m[K                                                                                                                                                                     ^[m[K
[01m[K/opt/ros/kinetic/include/ros/console.h:379:7:[m[K [01;36m[Knote: [m[Kin expansion of macro ‘[01m[KROSCONSOLE_PRINT_AT_LOCATION[m[K’
       ROSCONSOLE_PRINT_AT_LOCATION(__VA_ARGS__); \
[01;32m[K       ^[m[K
[01m[K/opt/ros/kinetic/include/ros/console.h:561:35:[m[K [01;36m[Knote: [m[Kin expansion of macro ‘[01m[KROS_LOG_COND[m[K’
 #define ROS_LOG(level, name, ...) ROS_LOG_COND(true, level, name, __VA_ARGS__)
[01;32m[K                                   ^[m[K
[01m[K/opt/ros/kinetic/include/rosconsole/macros_generated.h:110:23:[m[K [01;36m[Knote: [m[Kin expansion of macro ‘[01m[KROS_LOG[m[K’
 #define ROS_INFO(...) ROS_LOG(::ros::console::levels::Info, ROSCONSOLE_DEFAULT_NAME, __VA_ARGS__)
[01;32m[K                       ^[m[K
[01m[K/home/joey/projects/skynet/src/navigator/src/navigator_node.cpp:90:3:[m[K [01;36m[Knote: [m[Kin expansion of macro ‘[01m[KROS_INFO[m[K’
   ROS_INFO("Quaternion orientation: x=[%f], y=[%f], z=[%f], w=[%f]", odom_msg->pose->pose->orientation.x, odom_msg->pose->pose->orientation.y, odom_msg->pose->pose->orientation.z, odom_msg->pose->pose->orientation.w);
[01;32m[K   ^[m[K
[01m[K/home/joey/projects/skynet/src/navigator/src/navigator_node.cpp:90:158:[m[K [01;31m[Kerror: [m[Kbase operand of ‘[01m[K->[m[K’ has non-pointer type ‘[01m[Kconst _pose_type {aka const geometry_msgs::PoseWithCovariance_<std::allocator<void> >}[m[K’
   ROS_INFO("Quaternion orientation: x=[%f], y=[%f], z=[%f], w=[%f]", odom_msg->pose->pose->orientation.x, odom_msg->pose->pose->orientation.y, odom_msg->pose->pose->orientation.z, odom_msg->pose->pose->orientation.w);
[01;32m[K                                                                                                                                                              ^[m[K
[01m[K/opt/ros/kinetic/include/ros/console.h:346:165:[m[K [01;36m[Knote: [m[Kin definition of macro ‘[01m[KROSCONSOLE_PRINT_AT_LOCATION_WITH_FILTER[m[K’
     ::ros::console::print(filter, __rosconsole_define_location__loc.logger_, __rosconsole_define_location__loc.level_, __FILE__, __LINE__, __ROSCONSOLE_FUNCTION__, __VA_ARGS__)
[01;32m[K                                                                                                                                                                     ^[m[K
[01m[K/opt/ros/kinetic/include/ros/console.h:379:7:[m[K [01;36m[Knote: [m[Kin expansion of macro ‘[01m[KROSCONSOLE_PRINT_AT_LOCATION[m[K’
       ROSCONSOLE_PRINT_AT_LOCATION(__VA_ARGS__); \
[01;32m[K       ^[m[K
[01m[K/opt/ros/kinetic/include/ros/console.h:561:35:[m[K [01;36m[Knote: [m[Kin expansion of macro ‘[01m[KROS_LOG_COND[m[K’
 #define ROS_LOG(level, name, ...) ROS_LOG_COND(true, level, name, __VA_ARGS__)
[01;32m[K                                   ^[m[K
[01m[K/opt/ros/kinetic/include/rosconsole/macros_generated.h:110:23:[m[K [01;36m[Knote: [m[Kin expansion of macro ‘[01m[KROS_LOG[m[K’
 #define ROS_INFO(...) ROS_LOG(::ros::console::levels::Info, ROSCONSOLE_DEFAULT_NAME, __VA_ARGS__)
[01;32m[K                       ^[m[K
[01m[K/home/joey/projects/skynet/src/navigator/src/navigator_node.cpp:90:3:[m[K [01;36m[Knote: [m[Kin expansion of macro ‘[01m[KROS_INFO[m[K’
   ROS_INFO("Quaternion orientation: x=[%f], y=[%f], z=[%f], w=[%f]", odom_msg->pose->pose->orientation.x, odom_msg->pose->pose->orientation.y, odom_msg->pose->pose->orientation.z, odom_msg->pose->pose->orientation.w);
[01;32m[K   ^[m[K
[01m[K/home/joey/projects/skynet/src/navigator/src/navigator_node.cpp:90:195:[m[K [01;31m[Kerror: [m[Kbase operand of ‘[01m[K->[m[K’ has non-pointer type ‘[01m[Kconst _pose_type {aka const geometry_msgs::PoseWithCovariance_<std::allocator<void> >}[m[K’
   ROS_INFO("Quaternion orientation: x=[%f], y=[%f], z=[%f], w=[%f]", odom_msg->pose->pose->orientation.x, odom_msg->pose->pose->orientation.y, odom_msg->pose->pose->orientation.z, odom_msg->pose->pose->orientation.w);
[01;32m[K                                                                                                                                                                                                   ^[m[K
[01m[K/opt/ros/kinetic/include/ros/console.h:346:165:[m[K [01;36m[Knote: [m[Kin definition of macro ‘[01m[KROSCONSOLE_PRINT_AT_LOCATION_WITH_FILTER[m[K’
     ::ros::console::print(filter, __rosconsole_define_location__loc.logger_, __rosconsole_define_location__loc.level_, __FILE__, __LINE__, __ROSCONSOLE_FUNCTION__, __VA_ARGS__)
[01;32m[K                                                                                                                                                                     ^[m[K
[01m[K/opt/ros/kinetic/include/ros/console.h:379:7:[m[K [01;36m[Knote: [m[Kin expansion of macro ‘[01m[KROSCONSOLE_PRINT_AT_LOCATION[m[K’
       ROSCONSOLE_PRINT_AT_LOCATION(__VA_ARGS__); \
[01;32m[K       ^[m[K
[01m[K/opt/ros/kinetic/include/ros/console.h:561:35:[m[K [01;36m[Knote: [m[Kin expansion of macro ‘[01m[KROS_LOG_COND[m[K’
 #define ROS_LOG(level, name, ...) ROS_LOG_COND(true, level, name, __VA_ARGS__)
[01;32m[K                                   ^[m[K
[01m[K/opt/ros/kinetic/include/rosconsole/macros_generated.h:110:23:[m[K [01;36m[Knote: [m[Kin expansion of macro ‘[01m[KROS_LOG[m[K’
 #define ROS_INFO(...) ROS_LOG(::ros::console::levels::Info, ROSCONSOLE_DEFAULT_NAME, __VA_ARGS__)
[01;32m[K                       ^[m[K
[01m[K/home/joey/projects/skynet/src/navigator/src/navigator_node.cpp:90:3:[m[K [01;36m[Knote: [m[Kin expansion of macro ‘[01m[KROS_INFO[m[K’
   ROS_INFO("Quaternion orientation: x=[%f], y=[%f], z=[%f], w=[%f]", odom_msg->pose->pose->orientation.x, odom_msg->pose->pose->orientation.y, odom_msg->pose->pose->orientation.z, odom_msg->pose->pose->orientation.w);
[01;32m[K   ^[m[K
CMakeFiles/navigator_node.dir/build.make:62: recipe for target 'CMakeFiles/navigator_node.dir/src/navigator_node.cpp.o' failed
make[2]: *** [CMakeFiles/navigator_node.dir/src/navigator_node.cpp.o] Error 1
CMakeFiles/Makefile2:67: recipe for target 'CMakeFiles/navigator_node.dir/all' failed
make[1]: *** [CMakeFiles/navigator_node.dir/all] Error 2
Makefile:138: recipe for target 'all' failed
make: *** [all] Error 2
